=== Assistive Navigation Prototype + Agentic Layer ===
[main] Runtime profile: balanced — Default local prototype settings for controlled indoor testing.
Loading speech engine...
Enter destination (place name or address; mock text if not using maps): 2026-04-25 12:07:36.729 python[14848:3789348] WARNING: AVCaptureDeviceTypeExternal is deprecated for Continuity Cameras. Please use AVCaptureDeviceTypeContinuityCamera and add NSCameraUseContinuityCameraDeviceType to your Info.plist.
[main] MongoDB telemetry disabled: MONGODB_URI is unset
[nav->agent] Starting navigation to Rieber Hall UCLA.
[main] Head-mounted mode: surface_y=0.72 curb_y=(0.62, 0.92) area_ratio=0.066 distance_scale=0.72
[vision] Inference: imgsz=640 conf=0.35 iou=0.5 tracked_classes=12 half=False augment=False confirm_frames=2
[main] Model will track labels: ['bench', 'bicycle', 'bus', 'car', 'chair', 'couch', 'dining table', 'motorcycle', 'person', 'stop sign', 'traffic light', 'truck']
[main] Agentic router is active. Safety warnings override route guidance.
[vision] Webcam open. Press 'q' in the preview window or Ctrl+C in the terminal to quit.
[vision] Tracking classes: ['bench', 'bicycle', 'bus', 'car', 'chair', 'couch', 'dining table', 'motorcycle', 'person', 'stop sign', 'traffic light', 'truck']
[agent->speech] action=warn priority=96 haptic=stop: Stop. Road surface appears at 12 o'clock in the near field. Confirm the sidewalk edge before moving.
[debug] All candidates:
  1. warn (priority=95) by ['safety', 'object_distance']: Stop: person at 12 o'clock, within arm's reach.
  2. warn (priority=96) by ['sidewalk']: Stop. Road surface appears at 12 o'clock in the near field. Confirm the sidewalk edge before moving.
  3. warn (priority=78) by ['indoor_navigation']: Indoor obstacle: person at 12 o'clock, within arm's reach. Move right to go around.
  4. guide (priority=60) by ['wayfinding']: Starting navigation to Rieber Hall UCLA..
  5. silent (priority=0) by []: 
[agent->speech] action=warn priority=100 haptic=stop: Stop. Person ahead, at 12 o'clock, within arm's reach.
[debug] All candidates:
  1. warn (priority=100) by ['safety']: Stop. Person ahead, at 12 o'clock, within arm's reach.
  2. warn (priority=96) by ['sidewalk']: Stop. Road surface appears at 12 o'clock in the near field. Confirm the sidewalk edge before moving.
  3. warn (priority=78) by ['indoor_navigation']: Indoor obstacle: person at 12 o'clock, within arm's reach. Move right to go around.
  4. guide (priority=60) by ['wayfinding']: Starting navigation to Rieber Hall UCLA..
  5. silent (priority=0) by []: 
[agent->speech] action=warn priority=100 haptic=stop: Stop. Person ahead, at 12 o'clock, within arm's reach.
[debug] All candidates:
  1. warn (priority=100) by ['safety']: Stop. Person ahead, at 12 o'clock, within arm's reach.
  2. warn (priority=78) by ['indoor_navigation']: Indoor obstacle: person at 12 o'clock, within arm's reach. Move right to go around.
  3. guide (priority=60) by ['wayfinding']: Starting navigation to Rieber Hall UCLA..
  4. silent (priority=0) by []: 
[agent->speech] action=warn priority=95 haptic=stop: Stop: person at 10 o'clock, within arm's reach.
[debug] All candidates:
  1. warn (priority=95) by ['safety', 'object_distance']: Stop: person at 10 o'clock, within arm's reach.
  2. warn (priority=78) by ['indoor_navigation']: Indoor obstacle: person at 10 o'clock, within arm's reach. Move right to go around.
  3. guide (priority=60) by ['wayfinding']: Starting navigation to Rieber Hall UCLA..
  4. silent (priority=0) by []: 
[agent->speech] action=warn priority=100 haptic=stop: Stop. Person ahead, at 10 o'clock, within arm's reach.
[debug] All candidates:
  1. warn (priority=100) by ['safety']: Stop. Person ahead, at 10 o'clock, within arm's reach.
  2. warn (priority=78) by ['indoor_navigation']: Indoor obstacle: person at 10 o'clock, within arm's reach. Move right to go around.
  3. guide (priority=60) by ['wayfinding']: Starting navigation to Rieber Hall UCLA..
  4. silent (priority=0) by []: 
[agent->speech] action=warn priority=95 haptic=stop: Stop: person at 10 o'clock, within arm's reach.
[debug] All candidates:
  1. warn (priority=95) by ['safety', 'object_distance']: Stop: person at 10 o'clock, within arm's reach.
  2. warn (priority=78) by ['indoor_navigation']: Indoor obstacle: person at 10 o'clock, within arm's reach. Move right to go around.
  3. guide (priority=60) by ['wayfinding']: Starting navigation to Rieber Hall UCLA..
  4. silent (priority=0) by []: 
[agent->speech] action=warn priority=100 haptic=stop: Stop. Person ahead, at 12 o'clock, within arm's reach.
[debug] All candidates:
  1. warn (priority=100) by ['safety']: Stop. Person ahead, at 12 o'clock, within arm's reach.
  2. warn (priority=78) by ['indoor_navigation']: Indoor obstacle: person at 10 o'clock, within arm's reach. Move right to go around.
  3. guide (priority=60) by ['wayfinding']: Starting navigation to Rieber Hall UCLA..
  4. silent (priority=0) by []: 
[agent->speech] action=warn priority=100 haptic=stop: Stop. Person ahead, at 10 o'clock, within arm's reach.
[debug] All candidates:
  1. warn (priority=100) by ['safety']: Stop. Person ahead, at 10 o'clock, within arm's reach.
  2. warn (priority=78) by ['indoor_navigation']: Indoor obstacle: person at 10 o'clock, within arm's reach. Move right to go around.
  3. guide (priority=60) by ['wayfinding']: Starting navigation to Rieber Hall UCLA..
  4. silent (priority=0) by []: 
[agent->speech] action=warn priority=95 haptic=stop: Stop: person at 10 o'clock, within arm's reach.
[debug] All candidates:
  1. warn (priority=95) by ['safety', 'object_distance']: Stop: person at 10 o'clock, within arm's reach.
  2. warn (priority=78) by ['indoor_navigation']: Indoor obstacle: person at 10 o'clock, within arm's reach. Move right to go around.
  3. guide (priority=60) by ['wayfinding']: Starting navigation to Rieber Hall UCLA..
  4. silent (priority=0) by []: 
[agent->speech] action=guide priority=60 haptic=none: Starting navigation to Rieber Hall UCLA..
[debug] All candidates:
  1. guide (priority=60) by ['wayfinding']: Starting navigation to Rieber Hall UCLA..
  2. silent (priority=0) by []: 
[vision] ~12.2 FPS over last 3.0s
[nav->agent] Walk straight
[agent->speech] action=guide priority=60 haptic=none: Walk straight.
[debug] All candidates:
  1. guide (priority=60) by ['wayfinding']: Walk straight.
  2. silent (priority=0) by []: 
[agent->speech] action=warn priority=95 haptic=stop: Stop: couch at 10 o'clock, within arm's reach.
[debug] All candidates:
  1. warn (priority=95) by ['safety', 'object_distance']: Stop: couch at 10 o'clock, within arm's reach.
  2. warn (priority=78) by ['indoor_navigation']: Indoor obstacle: couch at 10 o'clock, within arm's reach. Move right to go around.
  3. guide (priority=60) by ['wayfinding']: Walk straight.
  4. silent (priority=0) by []: 
[agent->speech] action=guide priority=60 haptic=none: Walk straight.
[debug] All candidates:
  1. guide (priority=60) by ['wayfinding']: Walk straight.
  2. silent (priority=0) by []: 
[agent->speech] action=warn priority=95 haptic=stop: Stop: couch at 10 o'clock, within arm's reach.
[debug] All candidates:
  1. warn (priority=95) by ['safety', 'object_distance']: Stop: couch at 10 o'clock, within arm's reach.
  2. warn (priority=78) by ['indoor_navigation']: Indoor obstacle: couch at 10 o'clock, within arm's reach. Move right to go around.
  3. guide (priority=60) by ['wayfinding']: Walk straight.
  4. silent (priority=0) by []: 
[agent->speech] action=guide priority=60 haptic=none: Walk straight.
[debug] All candidates:
  1. guide (priority=60) by ['wayfinding']: Walk straight.
  2. silent (priority=0) by []: 
[vision] ~14.3 FPS over last 3.1s
[nav->agent] Continue for about ten meters
[agent->speech] action=guide priority=60 haptic=none: Continue for about ten meters.
[debug] All candidates:
  1. guide (priority=60) by ['wayfinding']: Continue for about ten meters.
  2. silent (priority=0) by []: 
[vision] ~14.9 FPS over last 3.0s
[agent->speech] action=warn priority=95 haptic=stop: Stop: couch at 10 o'clock, within arm's reach.
[debug] All candidates:
  1. warn (priority=95) by ['safety', 'object_distance']: Stop: couch at 10 o'clock, within arm's reach.
  2. warn (priority=78) by ['indoor_navigation']: Indoor obstacle: couch at 10 o'clock, within arm's reach. Move right to go around.
  3. guide (priority=60) by ['wayfinding']: Continue for about ten meters.
  4. silent (priority=0) by []: 
[agent->speech] action=guide priority=60 haptic=none: Continue for about ten meters.
[debug] All candidates:
  1. guide (priority=60) by ['wayfinding']: Continue for about ten meters.